<?xml version="1.0" encoding="UTF-8"?>
<testng-results skipped="0" failed="0" total="1" passed="1">
  <reporter-output>
  </reporter-output>
  <suite name="Default suite" duration-ms="1832" started-at="2020-01-30T09:33:34Z" finished-at="2020-01-30T09:33:36Z">
    <groups>
    </groups>
    <test name="Default test" duration-ms="1832" started-at="2020-01-30T09:33:34Z" finished-at="2020-01-30T09:33:36Z">
      <class name="ContactsTest.First_ExtentReprt">
        <test-method status="PASS" signature="firstReport()[pri:0, instance:ContactsTest.First_ExtentReprt@68c4039c]" name="firstReport" is-config="true" duration-ms="524" started-at="2020-01-30T15:03:34Z" finished-at="2020-01-30T15:03:35Z">
          <reporter-output>
          </reporter-output>
        </test-method> <!-- firstReport -->
        <test-method status="PASS" signature="firstReporttest()[pri:0, instance:ContactsTest.First_ExtentReprt@68c4039c]" name="firstReporttest" duration-ms="20" started-at="2020-01-30T15:03:35Z" finished-at="2020-01-30T15:03:35Z">
          <reporter-output>
          </reporter-output>
        </test-method> <!-- firstReporttest -->
        <test-method status="PASS" signature="firstReportAT()[pri:0, instance:ContactsTest.First_ExtentReprt@68c4039c]" name="firstReportAT" is-config="true" duration-ms="1254" started-at="2020-01-30T15:03:35Z" finished-at="2020-01-30T15:03:36Z">
          <reporter-output>
          </reporter-output>
        </test-method> <!-- firstReportAT -->
      </class> <!-- ContactsTest.First_ExtentReprt -->
    </test> <!-- Default test -->
  </suite> <!-- Default suite -->
</testng-results>
